D:\Rippin Repos\projectherostudios\Villain CES\Villain CES\MyPixelShader.hlsl(74,31-60): warning X3206: implicit truncation of vector type
D:\Rippin Repos\projectherostudios\Villain CES\Villain CES\MyPixelShader.hlsl(80,50-79): warning X3206: implicit truncation of vector type
D:\Rippin Repos\projectherostudios\Villain CES\Villain CES\MyPixelShader.hlsl(80,82-111): warning X3206: implicit truncation of vector type
D:\Rippin Repos\projectherostudios\Villain CES\Villain CES\MyPixelShader.hlsl(83,34-59): warning X3206: implicit truncation of vector type
D:\Rippin Repos\projectherostudios\Villain CES\Villain CES\MyPixelShader.hlsl(94,4): warning X3206: implicit truncation of vector type
  
  compilation header save succeeded; see D:\Rippin Repos\projectherostudios\Villain CES\Villain CES\MyPixelShader.csh
  compilation object save succeeded; see D:\Rippin Repos\projectherostudios\Villain CES\Debug\MyPixelShader.cso
  compilation header save succeeded; see D:\Rippin Repos\projectherostudios\Villain CES\Villain CES\MyVertexShader.csh
  compilation object save succeeded; see D:\Rippin Repos\projectherostudios\Villain CES\Debug\MyVertexShader.cso
  stdafx.cpp
  AI_System.cpp
  Auger.cpp
  Collision_System.cpp
  Entity.cpp
d:\rippin repos\projectherostudios\villain ces\villain ces\entity.cpp(415): warning C4101: 'emissiveTexture': unreferenced local variable
d:\rippin repos\projectherostudios\villain ces\villain ces\entity.cpp(414): warning C4101: 'specularTexture': unreferenced local variable
d:\rippin repos\projectherostudios\villain ces\villain ces\entity.cpp(413): warning C4101: 'diffuseTexture': unreferenced local variable
  Physics_System.cpp
  Graphics_System.cpp
  UI_System.cpp
  Villain CES.cpp
  Generating Code...
  Villain CES.vcxproj -> D:\Rippin Repos\projectherostudios\Villain CES\Debug\Villain CES.exe
